d:\study\инфа\oop\lab 4\game 2\my_game\my_game\debug\vc141.pdb
d:\study\инфа\oop\lab 4\game 2\my_game\my_game\debug\vc141.idb
d:\study\инфа\oop\lab 4\game 2\my_game\my_game\debug\wall.obj
d:\study\инфа\oop\lab 4\game 2\my_game\my_game\debug\undead.obj
d:\study\инфа\oop\lab 4\game 2\my_game\my_game\debug\stairs.obj
d:\study\инфа\oop\lab 4\game 2\my_game\my_game\debug\square.obj
d:\study\инфа\oop\lab 4\game 2\my_game\my_game\debug\skill_table.obj
d:\study\инфа\oop\lab 4\game 2\my_game\my_game\debug\skill.obj
d:\study\инфа\oop\lab 4\game 2\my_game\my_game\debug\necromancy.obj
d:\study\инфа\oop\lab 4\game 2\my_game\my_game\debug\main.obj
d:\study\инфа\oop\lab 4\game 2\my_game\my_game\debug\level.obj
d:\study\инфа\oop\lab 4\game 2\my_game\my_game\debug\floor.obj
d:\study\инфа\oop\lab 4\game 2\my_game\my_game\debug\enemy.obj
d:\study\инфа\oop\lab 4\game 2\my_game\my_game\debug\elemental.obj
d:\study\инфа\oop\lab 4\game 2\my_game\my_game\debug\dungeon.obj
d:\study\инфа\oop\lab 4\game 2\my_game\my_game\debug\draining.obj
d:\study\инфа\oop\lab 4\game 2\my_game\my_game\debug\door.obj
d:\study\инфа\oop\lab 4\game 2\my_game\my_game\debug\curse.obj
d:\study\инфа\oop\lab 4\game 2\my_game\my_game\debug\controlled_undead.obj
d:\study\инфа\oop\lab 4\game 2\my_game\my_game\debug\character.obj
d:\study\инфа\oop\lab 4\game 2\my_game\my_game\debug\alive_enemy.obj
d:\study\инфа\oop\lab 4\game 2\my_game\debug\my_game.exe
d:\study\инфа\oop\lab 4\game 2\my_game\debug\my_game.ilk
d:\study\инфа\oop\lab 4\game 2\my_game\debug\my_game.pdb
d:\study\инфа\oop\lab 4\game 2\my_game\my_game\debug\my_game.tlog\cl.command.1.tlog
d:\study\инфа\oop\lab 4\game 2\my_game\my_game\debug\my_game.tlog\cl.read.1.tlog
d:\study\инфа\oop\lab 4\game 2\my_game\my_game\debug\my_game.tlog\cl.write.1.tlog
d:\study\инфа\oop\lab 4\game 2\my_game\my_game\debug\my_game.tlog\link.command.1.tlog
d:\study\инфа\oop\lab 4\game 2\my_game\my_game\debug\my_game.tlog\link.read.1.tlog
d:\study\инфа\oop\lab 4\game 2\my_game\my_game\debug\my_game.tlog\link.write.1.tlog
